[01m[K/home/xrcdevelopment/IXR_ROS_Files/ros2_unity_ws1/src/DynamixelSDK/dynamixel_sdk_examples/src/read_write_node_mod.cpp:[m[K In function â€˜[01m[Kint main(int, char**)[m[Kâ€™:
[01m[K/home/xrcdevelopment/IXR_ROS_Files/ros2_unity_ws1/src/DynamixelSDK/dynamixel_sdk_examples/src/read_write_node_mod.cpp:251:5:[m[K [01;31m[Kerror: [m[Kâ€˜[01m[Kprint[m[Kâ€™ was not declared in this scope; did you mean â€˜[01m[Krint[m[Kâ€™?
  251 |     [01;31m[Kprint[m[K(key);
      |     [01;31m[K^~~~~[m[K
      |     [32m[Krint[m[K
gmake[2]: *** [CMakeFiles/read_write_node_mod.dir/build.make:76: CMakeFiles/read_write_node_mod.dir/src/read_write_node_mod.cpp.o] Error 1
gmake[1]: *** [CMakeFiles/Makefile2:165: CMakeFiles/read_write_node_mod.dir/all] Error 2
gmake: *** [Makefile:146: all] Error 2
