[0.028s] Invoking command in '/home/xrcdevelopment/IXR_ROS_Files/ros2_unity_ws1/build/dynamixel_sdk_examples': CMAKE_PREFIX_PATH=/home/xrcdevelopment/IXR_ROS_Files/ros2_unity_ws1/install/dynamixel_sdk_custom_interfaces:/home/xrcdevelopment/IXR_ROS_Files/ros2_unity_ws1/install/dynamixel_sdk:/home/xrcdevelopment/IXR_ROS_Files/ros2_unity_ws1/install/unity_robotics_demo_msgs:/home/xrcdevelopment/IXR_ROS_Files/ros2_unity_ws1/install/dynamixel_sdk_examples:/home/xrcdevelopment/IXR_ROS_Files/ros2_unity_ws1/install/unity_robotics_demo:/home/xrcdevelopment/IXR_ROS_Files/ros2_unity_ws1/install/ros_tcp_endpoint:/home/xrcdevelopment/ros/ros2_unity_ws1/install/unity_robotics_demo_msgs:/home/xrcdevelopment/ros/ros2_unity_ws1/install/unity_robotics_demo:/home/xrcdevelopment/ros/ros2_unity_ws1/install/ros_tcp_endpoint:/opt/ros/humble LD_LIBRARY_PATH=/home/xrcdevelopment/IXR_ROS_Files/ros2_unity_ws1/install/dynamixel_sdk_custom_interfaces/lib:/home/xrcdevelopment/IXR_ROS_Files/ros2_unity_ws1/install/dynamixel_sdk/lib:/home/xrcdevelopment/IXR_ROS_Files/ros2_unity_ws1/install/unity_robotics_demo_msgs/lib:/home/xrcdevelopment/ros/ros2_unity_ws1/install/unity_robotics_demo_msgs/lib:/opt/ros/humble/opt/rviz_ogre_vendor/lib:/opt/ros/humble/lib/x86_64-linux-gnu:/opt/ros/humble/lib /usr/bin/cmake --build /home/xrcdevelopment/IXR_ROS_Files/ros2_unity_ws1/build/dynamixel_sdk_examples -- -j8 -l8
[0.080s] [35m[1mConsolidate compiler generated dependencies of target read_write_node[0m
[0.101s] [ 50%] [32mBuilding CXX object CMakeFiles/read_write_node.dir/src/read_write_node.cpp.o[0m
[2.322s] [01m[K/home/xrcdevelopment/IXR_ROS_Files/ros2_unity_ws1/src/DynamixelSDK/dynamixel_sdk_examples/src/read_write_node.cpp:[m[K In lambda function:
[2.322s] [01m[K/home/xrcdevelopment/IXR_ROS_Files/ros2_unity_ws1/src/DynamixelSDK/dynamixel_sdk_examples/src/read_write_node.cpp:118:9:[m[K [01;31m[Kerror: [m[Kcannot convert â€˜[01m[Kuint32_t*[m[Kâ€™ {aka â€˜[01m[Kunsigned int*[m[Kâ€™} to â€˜[01m[Kuint16_t*[m[Kâ€™ {aka â€˜[01m[Kshort unsigned int*[m[Kâ€™}
[2.322s]   118 |         [01;31m[Kreinterpret_cast<uint32_t *>(&present_position)[m[K,
[2.323s]       |         [01;31m[K^~~~~~~~~~~~~~~~~~~~~~~~~~~~~~~~~~~~~~~~~~~~~~~[m[K
[2.323s]       |         [01;31m[K|[m[K
[2.323s]       |         [01;31m[Kuint32_t* {aka unsigned int*}[m[K
[2.323s] In file included from [01m[K/home/xrcdevelopment/IXR_ROS_Files/ros2_unity_ws1/install/dynamixel_sdk/include/dynamixel_sdk/group_bulk_read.h:29[m[K,
[2.323s]                  from [01m[K/home/xrcdevelopment/IXR_ROS_Files/ros2_unity_ws1/install/dynamixel_sdk/include/dynamixel_sdk/dynamixel_sdk.h:26[m[K,
[2.323s]                  from [01m[K/home/xrcdevelopment/IXR_ROS_Files/ros2_unity_ws1/src/DynamixelSDK/dynamixel_sdk_examples/src/read_write_node.cpp:34[m[K:
[2.323s] [01m[K/home/xrcdevelopment/IXR_ROS_Files/ros2_unity_ws1/install/dynamixel_sdk/include/dynamixel_sdk/packet_handler.h:372:91:[m[K [01;36m[Knote: [m[K  initializing argument 4 of â€˜[01m[Kvirtual int dynamixel::PacketHandler::read2ByteTxRx(dynamixel::PortHandler*, uint8_t, uint16_t, uint16_t*, uint8_t*)[m[Kâ€™
[2.323s]   372 |   virtual int read2ByteTxRx   (PortHandler *port, uint8_t id, uint16_t address, [01;36m[Kuint16_t *data[m[K, uint8_t *error = 0) = 0;
[2.323s]       |                                                                                 [01;36m[K~~~~~~~~~~^~~~[m[K
[4.667s] gmake[2]: *** [CMakeFiles/read_write_node.dir/build.make:76: CMakeFiles/read_write_node.dir/src/read_write_node.cpp.o] Error 1
[4.667s] gmake[1]: *** [CMakeFiles/Makefile2:137: CMakeFiles/read_write_node.dir/all] Error 2
[4.667s] gmake: *** [Makefile:146: all] Error 2
[4.669s] Invoked command in '/home/xrcdevelopment/IXR_ROS_Files/ros2_unity_ws1/build/dynamixel_sdk_examples' returned '2': CMAKE_PREFIX_PATH=/home/xrcdevelopment/IXR_ROS_Files/ros2_unity_ws1/install/dynamixel_sdk_custom_interfaces:/home/xrcdevelopment/IXR_ROS_Files/ros2_unity_ws1/install/dynamixel_sdk:/home/xrcdevelopment/IXR_ROS_Files/ros2_unity_ws1/install/unity_robotics_demo_msgs:/home/xrcdevelopment/IXR_ROS_Files/ros2_unity_ws1/install/dynamixel_sdk_examples:/home/xrcdevelopment/IXR_ROS_Files/ros2_unity_ws1/install/unity_robotics_demo:/home/xrcdevelopment/IXR_ROS_Files/ros2_unity_ws1/install/ros_tcp_endpoint:/home/xrcdevelopment/ros/ros2_unity_ws1/install/unity_robotics_demo_msgs:/home/xrcdevelopment/ros/ros2_unity_ws1/install/unity_robotics_demo:/home/xrcdevelopment/ros/ros2_unity_ws1/install/ros_tcp_endpoint:/opt/ros/humble LD_LIBRARY_PATH=/home/xrcdevelopment/IXR_ROS_Files/ros2_unity_ws1/install/dynamixel_sdk_custom_interfaces/lib:/home/xrcdevelopment/IXR_ROS_Files/ros2_unity_ws1/install/dynamixel_sdk/lib:/home/xrcdevelopment/IXR_ROS_Files/ros2_unity_ws1/install/unity_robotics_demo_msgs/lib:/home/xrcdevelopment/ros/ros2_unity_ws1/install/unity_robotics_demo_msgs/lib:/opt/ros/humble/opt/rviz_ogre_vendor/lib:/opt/ros/humble/lib/x86_64-linux-gnu:/opt/ros/humble/lib /usr/bin/cmake --build /home/xrcdevelopment/IXR_ROS_Files/ros2_unity_ws1/build/dynamixel_sdk_examples -- -j8 -l8
