[0.036s] Invoking command in '/home/xrcdevelopment/IXR_ROS_Files/ros2_unity_ws1/build/dynamixel_sdk_examples': CMAKE_PREFIX_PATH=/home/xrcdevelopment/IXR_ROS_Files/ros2_unity_ws1/install/dynamixel_sdk_custom_interfaces:/home/xrcdevelopment/IXR_ROS_Files/ros2_unity_ws1/install/dynamixel_sdk:/home/xrcdevelopment/IXR_ROS_Files/ros2_unity_ws1/install/unity_robotics_demo_msgs:/home/xrcdevelopment/IXR_ROS_Files/ros2_unity_ws1/install/dynamixel_sdk_examples:/home/xrcdevelopment/IXR_ROS_Files/ros2_unity_ws1/install/unity_robotics_demo:/home/xrcdevelopment/IXR_ROS_Files/ros2_unity_ws1/install/ros_tcp_endpoint:/home/xrcdevelopment/ros/ros2_unity_ws1/install/unity_robotics_demo_msgs:/home/xrcdevelopment/ros/ros2_unity_ws1/install/unity_robotics_demo:/home/xrcdevelopment/ros/ros2_unity_ws1/install/ros_tcp_endpoint:/opt/ros/humble LD_LIBRARY_PATH=/home/xrcdevelopment/IXR_ROS_Files/ros2_unity_ws1/install/dynamixel_sdk_custom_interfaces/lib:/home/xrcdevelopment/IXR_ROS_Files/ros2_unity_ws1/install/dynamixel_sdk/lib:/home/xrcdevelopment/IXR_ROS_Files/ros2_unity_ws1/install/unity_robotics_demo_msgs/lib:/home/xrcdevelopment/ros/ros2_unity_ws1/install/unity_robotics_demo_msgs/lib:/opt/ros/humble/opt/rviz_ogre_vendor/lib:/opt/ros/humble/lib/x86_64-linux-gnu:/opt/ros/humble/lib /usr/bin/cmake --build /home/xrcdevelopment/IXR_ROS_Files/ros2_unity_ws1/build/dynamixel_sdk_examples -- -j8 -l8
[0.141s] [35m[1mConsolidate compiler generated dependencies of target read_write_node_mod[0m
[0.163s] [ 50%] Built target read_write_node
[0.175s] [ 75%] [32mBuilding CXX object CMakeFiles/read_write_node_mod.dir/src/read_write_node_mod.cpp.o[0m
[2.673s] [01m[K/home/xrcdevelopment/IXR_ROS_Files/ros2_unity_ws1/src/DynamixelSDK/dynamixel_sdk_examples/src/read_write_node_mod.cpp:[m[K In function â€˜[01m[Kint main(int, char**)[m[Kâ€™:
[2.673s] [01m[K/home/xrcdevelopment/IXR_ROS_Files/ros2_unity_ws1/src/DynamixelSDK/dynamixel_sdk_examples/src/read_write_node_mod.cpp:253:14:[m[K [01;31m[Kerror: [m[Kno matching function for call to â€˜[01m[Kstd::basic_ifstream<char>::open()[m[Kâ€™
[2.674s]   253 |   [01;31m[Kmyfile.open()[m[K;
[2.674s]       |   [01;31m[K~~~~~~~~~~~^~[m[K
[2.674s] In file included from [01m[K/home/xrcdevelopment/IXR_ROS_Files/ros2_unity_ws1/src/DynamixelSDK/dynamixel_sdk_examples/src/read_write_node_mod.cpp:34[m[K:
[2.674s] [01m[K/usr/include/c++/11/fstream:723:9:[m[K [01;36m[Knote: [m[Kcandidate: â€˜[01m[Ktemplate<class _Path> std::_If_fs_path<_Path, void> std::basic_ifstream<_CharT, _Traits>::open(const _Path&, std::ios_base::openmode) [with _Path = _Path; _CharT = char; _Traits = std::char_traits<char>][m[Kâ€™
[2.674s]   723 |         [01;36m[Kopen[m[K(const _Path& __s, ios_base::openmode __mode = ios_base::in)
[2.674s]       |         [01;36m[K^~~~[m[K
[2.674s] [01m[K/usr/include/c++/11/fstream:723:9:[m[K [01;36m[Knote: [m[K  template argument deduction/substitution failed:
[2.674s] [01m[K/home/xrcdevelopment/IXR_ROS_Files/ros2_unity_ws1/src/DynamixelSDK/dynamixel_sdk_examples/src/read_write_node_mod.cpp:253:14:[m[K [01;36m[Knote: [m[K  candidate expects 2 arguments, 0 provided
[2.674s]   253 |   [01;36m[Kmyfile.open()[m[K;
[2.674s]       |   [01;36m[K~~~~~~~~~~~^~[m[K
[2.675s] In file included from [01m[K/home/xrcdevelopment/IXR_ROS_Files/ros2_unity_ws1/src/DynamixelSDK/dynamixel_sdk_examples/src/read_write_node_mod.cpp:34[m[K:
[2.675s] [01m[K/usr/include/c++/11/fstream:663:7:[m[K [01;36m[Knote: [m[Kcandidate: â€˜[01m[Kvoid std::basic_ifstream<_CharT, _Traits>::open(const char*, std::ios_base::openmode) [with _CharT = char; _Traits = std::char_traits<char>; std::ios_base::openmode = std::ios_base::openmode][m[Kâ€™
[2.675s]   663 |       [01;36m[Kopen[m[K(const char* __s, ios_base::openmode __mode = ios_base::in)
[2.675s]       |       [01;36m[K^~~~[m[K
[2.675s] [01m[K/usr/include/c++/11/fstream:663:7:[m[K [01;36m[Knote: [m[K  candidate expects 2 arguments, 0 provided
[2.675s] [01m[K/usr/include/c++/11/fstream:702:7:[m[K [01;36m[Knote: [m[Kcandidate: â€˜[01m[Kvoid std::basic_ifstream<_CharT, _Traits>::open(const string&, std::ios_base::openmode) [with _CharT = char; _Traits = std::char_traits<char>; std::string = std::__cxx11::basic_string<char>; std::ios_base::openmode = std::ios_base::openmode][m[Kâ€™
[2.675s]   702 |       [01;36m[Kopen[m[K(const std::string& __s, ios_base::openmode __mode = ios_base::in)
[2.675s]       |       [01;36m[K^~~~[m[K
[2.675s] [01m[K/usr/include/c++/11/fstream:702:7:[m[K [01;36m[Knote: [m[K  candidate expects 2 arguments, 0 provided
[5.617s] gmake[2]: *** [CMakeFiles/read_write_node_mod.dir/build.make:76: CMakeFiles/read_write_node_mod.dir/src/read_write_node_mod.cpp.o] Error 1
[5.617s] gmake[1]: *** [CMakeFiles/Makefile2:165: CMakeFiles/read_write_node_mod.dir/all] Error 2
[5.618s] gmake: *** [Makefile:146: all] Error 2
[5.620s] Invoked command in '/home/xrcdevelopment/IXR_ROS_Files/ros2_unity_ws1/build/dynamixel_sdk_examples' returned '2': CMAKE_PREFIX_PATH=/home/xrcdevelopment/IXR_ROS_Files/ros2_unity_ws1/install/dynamixel_sdk_custom_interfaces:/home/xrcdevelopment/IXR_ROS_Files/ros2_unity_ws1/install/dynamixel_sdk:/home/xrcdevelopment/IXR_ROS_Files/ros2_unity_ws1/install/unity_robotics_demo_msgs:/home/xrcdevelopment/IXR_ROS_Files/ros2_unity_ws1/install/dynamixel_sdk_examples:/home/xrcdevelopment/IXR_ROS_Files/ros2_unity_ws1/install/unity_robotics_demo:/home/xrcdevelopment/IXR_ROS_Files/ros2_unity_ws1/install/ros_tcp_endpoint:/home/xrcdevelopment/ros/ros2_unity_ws1/install/unity_robotics_demo_msgs:/home/xrcdevelopment/ros/ros2_unity_ws1/install/unity_robotics_demo:/home/xrcdevelopment/ros/ros2_unity_ws1/install/ros_tcp_endpoint:/opt/ros/humble LD_LIBRARY_PATH=/home/xrcdevelopment/IXR_ROS_Files/ros2_unity_ws1/install/dynamixel_sdk_custom_interfaces/lib:/home/xrcdevelopment/IXR_ROS_Files/ros2_unity_ws1/install/dynamixel_sdk/lib:/home/xrcdevelopment/IXR_ROS_Files/ros2_unity_ws1/install/unity_robotics_demo_msgs/lib:/home/xrcdevelopment/ros/ros2_unity_ws1/install/unity_robotics_demo_msgs/lib:/opt/ros/humble/opt/rviz_ogre_vendor/lib:/opt/ros/humble/lib/x86_64-linux-gnu:/opt/ros/humble/lib /usr/bin/cmake --build /home/xrcdevelopment/IXR_ROS_Files/ros2_unity_ws1/build/dynamixel_sdk_examples -- -j8 -l8
