[35m[1mConsolidate compiler generated dependencies of target read_write_node_mod[0m
[ 50%] Built target read_write_node
[ 75%] [32mBuilding CXX object CMakeFiles/read_write_node_mod.dir/src/read_write_node_mod.cpp.o[0m
[01m[K/home/xrcdevelopment/IXR_ROS_Files/ros2_unity_ws1/src/DynamixelSDK/dynamixel_sdk_examples/src/read_write_node_mod.cpp:[m[K In function â€˜[01m[Kint main(int, char**)[m[Kâ€™:
[01m[K/home/xrcdevelopment/IXR_ROS_Files/ros2_unity_ws1/src/DynamixelSDK/dynamixel_sdk_examples/src/read_write_node_mod.cpp:253:14:[m[K [01;31m[Kerror: [m[Kâ€˜[01m[Kstd::ifstream[m[Kâ€™ {aka â€˜[01m[Kclass std::basic_ifstream<char>[m[Kâ€™} has no member named â€˜[01m[Kis_ope[m[Kâ€™; did you mean â€˜[01m[Kis_open[m[Kâ€™?
  253 |   if (myfile.[01;31m[Kis_ope[m[K())
      |              [01;31m[K^~~~~~[m[K
      |              [32m[Kis_open[m[K
gmake[2]: *** [CMakeFiles/read_write_node_mod.dir/build.make:76: CMakeFiles/read_write_node_mod.dir/src/read_write_node_mod.cpp.o] Error 1
gmake[1]: *** [CMakeFiles/Makefile2:165: CMakeFiles/read_write_node_mod.dir/all] Error 2
gmake: *** [Makefile:146: all] Error 2
