[35m[1mConsolidate compiler generated dependencies of target read_write_node_mod[0m
[ 50%] Built target read_write_node
[ 75%] [32mBuilding CXX object CMakeFiles/read_write_node_mod.dir/src/read_write_node_mod.cpp.o[0m
[01m[K/home/xrcdevelopment/IXR_ROS_Files/ros2_unity_ws1/src/DynamixelSDK/dynamixel_sdk_examples/src/read_write_node_mod.cpp:[m[K In function â€˜[01m[Kint main(int, char**)[m[Kâ€™:
[01m[K/home/xrcdevelopment/IXR_ROS_Files/ros2_unity_ws1/src/DynamixelSDK/dynamixel_sdk_examples/src/read_write_node_mod.cpp:245:8:[m[K [01;31m[Kerror: [m[Kâ€˜[01m[Kisstringstream[m[Kâ€™ is not a member of â€˜[01m[Kstd[m[Kâ€™; did you mean â€˜[01m[Kistringstream[m[Kâ€™?
  245 |   std::[01;31m[Kisstringstream[m[K is_file("motorParams.txt");
      |        [01;31m[K^~~~~~~~~~~~~~[m[K
      |        [32m[Kistringstream[m[K
[01m[K/home/xrcdevelopment/IXR_ROS_Files/ros2_unity_ws1/src/DynamixelSDK/dynamixel_sdk_examples/src/read_write_node_mod.cpp:247:22:[m[K [01;31m[Kerror: [m[Kâ€˜[01m[Kis_file[m[Kâ€™ was not declared in this scope
  247 |   while(std::getline([01;31m[Kis_file[m[K, line)){
      |                      [01;31m[K^~~~~~~[m[K
[01m[K/home/xrcdevelopment/IXR_ROS_Files/ros2_unity_ws1/src/DynamixelSDK/dynamixel_sdk_examples/src/read_write_node_mod.cpp:248:10:[m[K [01;31m[Kerror: [m[Kâ€˜[01m[Kisstringstream[m[Kâ€™ is not a member of â€˜[01m[Kstd[m[Kâ€™; did you mean â€˜[01m[Kistringstream[m[Kâ€™?
  248 |     std::[01;31m[Kisstringstream[m[K is_line(line);
      |          [01;31m[K^~~~~~~~~~~~~~[m[K
      |          [32m[Kistringstream[m[K
[01m[K/home/xrcdevelopment/IXR_ROS_Files/ros2_unity_ws1/src/DynamixelSDK/dynamixel_sdk_examples/src/read_write_node_mod.cpp:251:5:[m[K [01;31m[Kerror: [m[Kâ€˜[01m[Kprint[m[Kâ€™ was not declared in this scope; did you mean â€˜[01m[Krint[m[Kâ€™?
  251 |     [01;31m[Kprint[m[K(key);
      |     [01;31m[K^~~~~[m[K
      |     [32m[Krint[m[K
gmake[2]: *** [CMakeFiles/read_write_node_mod.dir/build.make:76: CMakeFiles/read_write_node_mod.dir/src/read_write_node_mod.cpp.o] Error 1
gmake[1]: *** [CMakeFiles/Makefile2:165: CMakeFiles/read_write_node_mod.dir/all] Error 2
gmake: *** [Makefile:146: all] Error 2
